This is pdfTeX, Version 3.141592653-2.6-1.40.25 (MiKTeX 23.10) (preloaded format=pdflatex 2023.10.8)  16 DEC 2023 22:13
entering extended mode
 restricted \write18 enabled.
 %&-line parsing enabled.
**./clanok.tex
(clanok.tex
LaTeX2e <2023-06-01> patch level 1
L3 programming layer <2023-08-29>
(C:\Users\DAnto\AppData\Local\Programs\MiKTeX\tex/latex/base\article.cls
Document Class: article 2023/05/17 v1.4n Standard LaTeX document class
(C:\Users\DAnto\AppData\Local\Programs\MiKTeX\tex/latex/base\size10.clo
File: size10.clo 2023/05/17 v1.4n Standard LaTeX file (size option)
)
\c@part=\count185
\c@section=\count186
\c@subsection=\count187
\c@subsubsection=\count188
\c@paragraph=\count189
\c@subparagraph=\count190
\c@figure=\count191
\c@table=\count192
\abovecaptionskip=\skip48
\belowcaptionskip=\skip49
\bibindent=\dimen140
)
(C:\Users\DAnto\AppData\Local\Programs\MiKTeX\tex/generic/babel\babel.sty
Package: babel 2023/09/29 v3.95 The Babel package
\babel@savecnt=\count193
\U@D=\dimen141
\l@unhyphenated=\language79

(C:\Users\DAnto\AppData\Local\Programs\MiKTeX\tex/generic/babel\txtbabel.def)
\bbl@readstream=\read2
\bbl@dirlevel=\count194

*************************************
* Local config file bblopts.cfg used
*
(C:\Users\DAnto\AppData\Local\Programs\MiKTeX\tex/latex/arabi\bblopts.cfg
File: bblopts.cfg 2005/09/08 v0.1 add Arabic and Farsi to "declared" options of
 babel
)
(C:\Users\DAnto\AppData\Local\Programs\MiKTeX\tex/latex/babel-english\english.l
df
Language: english 2017/06/06 v3.3r English support from the babel system
Package babel Info: Hyphen rules for 'canadian' set to \l@english
(babel)             (\language0). Reported on input line 102.
Package babel Info: Hyphen rules for 'australian' set to \l@ukenglish
(babel)             (\language73). Reported on input line 105.
Package babel Info: Hyphen rules for 'newzealand' set to \l@ukenglish
(babel)             (\language73). Reported on input line 108.
))
(C:\Users\DAnto\AppData\Local\Programs\MiKTeX\tex/generic/babel/locale/en\babel
-english.tex
Package babel Info: Importing font and identification data for english
(babel)             from babel-en.ini. Reported on input line 11.
)
(C:\Users\DAnto\AppData\Local\Programs\MiKTeX\tex/latex/base\fontenc.sty
Package: fontenc 2021/04/29 v2.0v Standard LaTeX package

(C:\Users\DAnto\AppData\Local\Programs\MiKTeX\tex/cslatex/base\il2enc.def
File: il2enc.def 1997/08/20 CSLaTeX
Now handling font encoding IL2 ...
... no UTF-8 mapping file for font encoding IL2
)
LaTeX Font Info:    Trying to load font information for IL2+cmr on input line 1
12.

(C:\Users\DAnto\AppData\Local\Programs\MiKTeX\tex/cslatex/base\il2cmr.fd
File: il2cmr.fd 1997/02/06 CSLaTeX font definitions
))
(C:\Users\DAnto\AppData\Local\Programs\MiKTeX\tex/latex/base\inputenc.sty
Package: inputenc 2021/02/14 v1.3d Input encoding file
\inpenc@prehook=\toks17
\inpenc@posthook=\toks18
)
(C:\Users\DAnto\AppData\Local\Programs\MiKTeX\tex/latex/graphics\graphicx.sty
Package: graphicx 2021/09/16 v1.2d Enhanced LaTeX Graphics (DPC,SPQR)

(C:\Users\DAnto\AppData\Local\Programs\MiKTeX\tex/latex/graphics\keyval.sty
Package: keyval 2022/05/29 v1.15 key=value parser (DPC)
\KV@toks@=\toks19
)
(C:\Users\DAnto\AppData\Local\Programs\MiKTeX\tex/latex/graphics\graphics.sty
Package: graphics 2022/03/10 v1.4e Standard LaTeX Graphics (DPC,SPQR)

(C:\Users\DAnto\AppData\Local\Programs\MiKTeX\tex/latex/graphics\trig.sty
Package: trig 2021/08/11 v1.11 sin cos tan (DPC)
)
(C:\Users\DAnto\AppData\Local\Programs\MiKTeX\tex/latex/graphics-cfg\graphics.c
fg
File: graphics.cfg 2016/06/04 v1.11 sample graphics configuration
)
Package graphics Info: Driver file: pdftex.def on input line 107.

(C:\Users\DAnto\AppData\Local\Programs\MiKTeX\tex/latex/graphics-def\pdftex.def
File: pdftex.def 2022/09/22 v1.2b Graphics/color driver for pdftex
))
\Gin@req@height=\dimen142
\Gin@req@width=\dimen143
) (C:\Users\DAnto\AppData\Local\Programs\MiKTeX\tex/latex/url\url.sty
\Urlmuskip=\muskip16
Package: url 2013/09/16  ver 3.4  Verb mode for urls, etc.
)
(C:\Users\DAnto\AppData\Local\Programs\MiKTeX\tex/latex/hyperref\hyperref.sty
Package: hyperref 2023-07-08 v7.01b Hypertext links for LaTeX

(C:\Users\DAnto\AppData\Local\Programs\MiKTeX\tex/generic/ltxcmds\ltxcmds.sty
Package: ltxcmds 2020-05-10 v1.25 LaTeX kernel commands for general use (HO)
)
(C:\Users\DAnto\AppData\Local\Programs\MiKTeX\tex/generic/iftex\iftex.sty
Package: iftex 2022/02/03 v1.0f TeX engine tests
)
(C:\Users\DAnto\AppData\Local\Programs\MiKTeX\tex/generic/pdftexcmds\pdftexcmds
.sty
Package: pdftexcmds 2020-06-27 v0.33 Utility functions of pdfTeX for LuaTeX (HO
)

(C:\Users\DAnto\AppData\Local\Programs\MiKTeX\tex/generic/infwarerr\infwarerr.s
ty
Package: infwarerr 2019/12/03 v1.5 Providing info/warning/error messages (HO)
)
Package pdftexcmds Info: \pdf@primitive is available.
Package pdftexcmds Info: \pdf@ifprimitive is available.
Package pdftexcmds Info: \pdfdraftmode found.
)
(C:\Users\DAnto\AppData\Local\Programs\MiKTeX\tex/latex/kvsetkeys\kvsetkeys.sty
Package: kvsetkeys 2022-10-05 v1.19 Key value parser (HO)
)
(C:\Users\DAnto\AppData\Local\Programs\MiKTeX\tex/generic/kvdefinekeys\kvdefine
keys.sty
Package: kvdefinekeys 2019-12-19 v1.6 Define keys (HO)
)
(C:\Users\DAnto\AppData\Local\Programs\MiKTeX\tex/generic/pdfescape\pdfescape.s
ty
Package: pdfescape 2019/12/09 v1.15 Implements pdfTeX's escape features (HO)
) (C:\Users\DAnto\AppData\Local\Programs\MiKTeX\tex/latex/hycolor\hycolor.sty
Package: hycolor 2020-01-27 v1.10 Color options for hyperref/bookmark (HO)
)
(C:\Users\DAnto\AppData\Local\Programs\MiKTeX\tex/latex/letltxmacro\letltxmacro
.sty
Package: letltxmacro 2019/12/03 v1.6 Let assignment for LaTeX macros (HO)
)
(C:\Users\DAnto\AppData\Local\Programs\MiKTeX\tex/latex/auxhook\auxhook.sty
Package: auxhook 2019-12-17 v1.6 Hooks for auxiliary files (HO)
)
(C:\Users\DAnto\AppData\Local\Programs\MiKTeX\tex/latex/hyperref\nameref.sty
Package: nameref 2023-08-07 v2.53 Cross-referencing by name of section

(C:\Users\DAnto\AppData\Local\Programs\MiKTeX\tex/latex/refcount\refcount.sty
Package: refcount 2019/12/15 v3.6 Data extraction from label references (HO)
)
(C:\Users\DAnto\AppData\Local\Programs\MiKTeX\tex/generic/gettitlestring\gettit
lestring.sty
Package: gettitlestring 2019/12/15 v1.6 Cleanup title references (HO)

(C:\Users\DAnto\AppData\Local\Programs\MiKTeX\tex/latex/kvoptions\kvoptions.sty
Package: kvoptions 2022-06-15 v3.15 Key value format for package options (HO)
))
\c@section@level=\count195
)
(C:\Users\DAnto\AppData\Local\Programs\MiKTeX\tex/latex/etoolbox\etoolbox.sty
Package: etoolbox 2020/10/05 v2.5k e-TeX tools for LaTeX (JAW)
\etb@tempcnta=\count196
)
\@linkdim=\dimen144
\Hy@linkcounter=\count197
\Hy@pagecounter=\count198

(C:\Users\DAnto\AppData\Local\Programs\MiKTeX\tex/latex/hyperref\pd1enc.def
File: pd1enc.def 2023-07-08 v7.01b Hyperref: PDFDocEncoding definition (HO)
Now handling font encoding PD1 ...
... no UTF-8 mapping file for font encoding PD1
)
(C:\Users\DAnto\AppData\Local\Programs\MiKTeX\tex/generic/intcalc\intcalc.sty
Package: intcalc 2019/12/15 v1.3 Expandable calculations with integers (HO)
)
\Hy@SavedSpaceFactor=\count199

(C:\Users\DAnto\AppData\Local\Programs\MiKTeX\tex/latex/hyperref\puenc.def
File: puenc.def 2023-07-08 v7.01b Hyperref: PDF Unicode definition (HO)
Now handling font encoding PU ...
... no UTF-8 mapping file for font encoding PU
)
Package hyperref Info: Hyper figures OFF on input line 4167.
Package hyperref Info: Link nesting OFF on input line 4172.
Package hyperref Info: Hyper index ON on input line 4175.
Package hyperref Info: Plain pages OFF on input line 4182.
Package hyperref Info: Backreferencing OFF on input line 4187.
Package hyperref Info: Implicit mode ON; LaTeX internals redefined.
Package hyperref Info: Bookmarks ON on input line 4434.
\c@Hy@tempcnt=\count266
LaTeX Info: Redefining \url on input line 4772.
\XeTeXLinkMargin=\dimen145

(C:\Users\DAnto\AppData\Local\Programs\MiKTeX\tex/generic/bitset\bitset.sty
Package: bitset 2019/12/09 v1.3 Handle bit-vector datatype (HO)

(C:\Users\DAnto\AppData\Local\Programs\MiKTeX\tex/generic/bigintcalc\bigintcalc
.sty
Package: bigintcalc 2019/12/15 v1.5 Expandable calculations on big integers (HO
)
))
\Fld@menulength=\count267
\Field@Width=\dimen146
\Fld@charsize=\dimen147
Package hyperref Info: Hyper figures OFF on input line 6051.
Package hyperref Info: Link nesting OFF on input line 6056.
Package hyperref Info: Hyper index ON on input line 6059.
Package hyperref Info: backreferencing OFF on input line 6066.
Package hyperref Info: Link coloring OFF on input line 6071.
Package hyperref Info: Link coloring with OCG OFF on input line 6076.
Package hyperref Info: PDF/A mode OFF on input line 6081.

(C:\Users\DAnto\AppData\Local\Programs\MiKTeX\tex/latex/base\atbegshi-ltx.sty
Package: atbegshi-ltx 2021/01/10 v1.0c Emulation of the original atbegshi
package with kernel methods
)
\Hy@abspage=\count268
\c@Item=\count269
\c@Hfootnote=\count270
)
Package hyperref Info: Driver (autodetected): hpdftex.
(C:\Users\DAnto\AppData\Local\Programs\MiKTeX\tex/latex/hyperref\hpdftex.def
File: hpdftex.def 2023-07-08 v7.01b Hyperref driver for pdfTeX

(C:\Users\DAnto\AppData\Local\Programs\MiKTeX\tex/latex/base\atveryend-ltx.sty
Package: atveryend-ltx 2020/08/19 v1.0a Emulation of the original atveryend pac
kage
with kernel methods
)
\Fld@listcount=\count271
\c@bookmark@seq@number=\count272

(C:\Users\DAnto\AppData\Local\Programs\MiKTeX\tex/latex/rerunfilecheck\rerunfil
echeck.sty
Package: rerunfilecheck 2022-07-10 v1.10 Rerun checks for auxiliary files (HO)

(C:\Users\DAnto\AppData\Local\Programs\MiKTeX\tex/generic/uniquecounter\uniquec
ounter.sty
Package: uniquecounter 2019/12/15 v1.4 Provide unlimited unique counter (HO)
)
Package uniquecounter Info: New unique counter `rerunfilecheck' on input line 2
85.
)
\Hy@SectionHShift=\skip50
)
(C:\Users\DAnto\AppData\Local\Programs\MiKTeX\tex/latex/cite\cite.sty
LaTeX Info: Redefining \cite on input line 302.
LaTeX Info: Redefining \nocite on input line 332.
Package: cite 2015/02/27  v 5.5
)
(C:\Users\DAnto\AppData\Local\Programs\MiKTeX\tex/latex/listings\listings.sty
\lst@mode=\count273
\lst@gtempboxa=\box51
\lst@token=\toks20
\lst@length=\count274
\lst@currlwidth=\dimen148
\lst@column=\count275
\lst@pos=\count276
\lst@lostspace=\dimen149
\lst@width=\dimen150
\lst@newlines=\count277
\lst@lineno=\count278
\lst@maxwidth=\dimen151

(C:\Users\DAnto\AppData\Local\Programs\MiKTeX\tex/latex/listings\lstmisc.sty
File: lstmisc.sty 2023/02/27 1.9 (Carsten Heinz)
\c@lstnumber=\count279
\lst@skipnumbers=\count280
\lst@framebox=\box52
)
(C:\Users\DAnto\AppData\Local\Programs\MiKTeX\tex/latex/listings\listings.cfg
File: listings.cfg 2023/02/27 1.9 listings configuration
))
Package: listings 2023/02/27 1.9 (Carsten Heinz)
(C:\Users\DAnto\AppData\Local\Programs\MiKTeX\tex/latex/geometry\geometry.sty
Package: geometry 2020/01/02 v5.9 Page Geometry

(C:\Users\DAnto\AppData\Local\Programs\MiKTeX\tex/generic/iftex\ifvtex.sty
Package: ifvtex 2019/10/25 v1.7 ifvtex legacy package. Use iftex instead.
)
\Gm@cnth=\count281
\Gm@cntv=\count282
\c@Gm@tempcnt=\count283
\Gm@bindingoffset=\dimen152
\Gm@wd@mp=\dimen153
\Gm@odd@mp=\dimen154
\Gm@even@mp=\dimen155
\Gm@layoutwidth=\dimen156
\Gm@layoutheight=\dimen157
\Gm@layouthoffset=\dimen158
\Gm@layoutvoffset=\dimen159
\Gm@dimlist=\toks21

(C:\Users\DAnto\AppData\Local\Programs\MiKTeX\tex/latex/geometry\geometry.cfg))

(C:\Users\DAnto\AppData\Local\Programs\MiKTeX\tex/latex/l3backend\l3backend-pdf
tex.def
File: l3backend-pdftex.def 2023-04-19 L3 backend support: PDF output (pdfTeX)
\l__color_backend_stack_int=\count284
\l__pdf_internal_box=\box53
) (clanok.aux)
\openout1 = `clanok.aux'.

LaTeX Font Info:    Checking defaults for OML/cmm/m/it on input line 27.
LaTeX Font Info:    ... okay on input line 27.
LaTeX Font Info:    Checking defaults for OMS/cmsy/m/n on input line 27.
LaTeX Font Info:    ... okay on input line 27.
LaTeX Font Info:    Checking defaults for OT1/cmr/m/n on input line 27.
LaTeX Font Info:    ... okay on input line 27.
LaTeX Font Info:    Checking defaults for T1/cmr/m/n on input line 27.
LaTeX Font Info:    ... okay on input line 27.
LaTeX Font Info:    Checking defaults for TS1/cmr/m/n on input line 27.
LaTeX Font Info:    ... okay on input line 27.
LaTeX Font Info:    Checking defaults for OMX/cmex/m/n on input line 27.
LaTeX Font Info:    ... okay on input line 27.
LaTeX Font Info:    Checking defaults for U/cmr/m/n on input line 27.
LaTeX Font Info:    ... okay on input line 27.
LaTeX Font Info:    Checking defaults for IL2/cmr/m/n on input line 27.
LaTeX Font Info:    ... okay on input line 27.
LaTeX Font Info:    Checking defaults for PD1/pdf/m/n on input line 27.
LaTeX Font Info:    ... okay on input line 27.
LaTeX Font Info:    Checking defaults for PU/pdf/m/n on input line 27.
LaTeX Font Info:    ... okay on input line 27.

(C:\Users\DAnto\AppData\Local\Programs\MiKTeX\tex/context/base/mkii\supp-pdf.mk
ii
[Loading MPS to PDF converter (version 2006.09.02).]
\scratchcounter=\count285
\scratchdimen=\dimen160
\scratchbox=\box54
\nofMPsegments=\count286
\nofMParguments=\count287
\everyMPshowfont=\toks22
\MPscratchCnt=\count288
\MPscratchDim=\dimen161
\MPnumerator=\count289
\makeMPintoPDFobject=\count290
\everyMPtoPDFconversion=\toks23
)
(C:\Users\DAnto\AppData\Local\Programs\MiKTeX\tex/latex/epstopdf-pkg\epstopdf-b
ase.sty
Package: epstopdf-base 2020-01-24 v2.11 Base part for package epstopdf
Package epstopdf-base Info: Redefining graphics rule for `.eps' on input line 4
85.

(C:\Users\DAnto\AppData\Local\Programs\MiKTeX\tex/latex/00miktex\epstopdf-sys.c
fg
File: epstopdf-sys.cfg 2021/03/18 v2.0 Configuration of epstopdf for MiKTeX
))
Package hyperref Info: Link coloring OFF on input line 27.
 (clanok.out) (clanok.out)
\@outlinefile=\write3
\openout3 = `clanok.out'.

\c@lstlisting=\count291

*geometry* driver: auto-detecting
*geometry* detected driver: pdftex
*geometry* verbose mode - [ preamble ] result:
* driver: pdftex
* paper: a4paper
* layout: <same size as paper>
* layoutoffset:(h,v)=(0.0pt,0.0pt)
* modes: 
* h-part:(L,W,R)=(78.24507pt, 441.01773pt, 78.24507pt)
* v-part:(T,H,B)=(78.24507pt, 688.5567pt, 78.24507pt)
* \paperwidth=597.50787pt
* \paperheight=845.04684pt
* \textwidth=441.01773pt
* \textheight=688.5567pt
* \oddsidemargin=5.97508pt
* \evensidemargin=5.97508pt
* \topmargin=-31.02492pt
* \headheight=12.0pt
* \headsep=25.0pt
* \topskip=10.0pt
* \footskip=30.0pt
* \marginparwidth=57.0pt
* \marginparsep=11.0pt
* \columnsep=10.0pt
* \skip\footins=9.0pt plus 4.0pt minus 2.0pt
* \hoffset=0.0pt
* \voffset=0.0pt
* \mag=1000
* \@twocolumnfalse
* \@twosidefalse
* \@mparswitchfalse
* \@reversemarginfalse
* (1in=72.27pt=25.4mm, 1cm=28.453pt)

LaTeX Font Info:    External font `cmex10' loaded for size
(Font)              <17.28> on input line 30.
LaTeX Font Info:    External font `cmex10' loaded for size
(Font)              <12> on input line 30.
LaTeX Font Info:    External font `cmex10' loaded for size
(Font)              <8> on input line 30.
LaTeX Font Info:    External font `cmex10' loaded for size
(Font)              <6> on input line 30.
LaTeX Font Info:    Trying to load font information for IL2+cmtt on input line 
30.
(C:\Users\DAnto\AppData\Local\Programs\MiKTeX\tex/cslatex/base\il2cmtt.fd
File: il2cmtt.fd 1997/08/20 CSLaTeX font definitions
)
LaTeX Font Info:    External font `cmex10' loaded for size
(Font)              <5> on input line 30.

[1

{C:/Users/DAnto/AppData/Local/MiKTeX/fonts/map/pdftex/pdftex.map}]
<diagram4.png, id=122, 490.83376pt x 291.0875pt>
File: diagram4.png Graphic file (type png)
<use diagram4.png>
Package pdftex.def Info: diagram4.png  used on input line 52.
(pdftex.def)             Requested size: 245.41628pt x 145.54338pt.
 [2 <./diagram4.png (PNG copy)>]
<diagram5.png, id=138, 803.0pt x 450.68375pt>
File: diagram5.png Graphic file (type png)
<use diagram5.png>
Package pdftex.def Info: diagram5.png  used on input line 73.
(pdftex.def)             Requested size: 281.05421pt x 157.74167pt.
 [3 <./diagram5.png (PNG copy)>] [4]
(C:\Users\DAnto\AppData\Local\Programs\MiKTeX\tex/latex/listings\lstlang1.sty
File: lstlang1.sty 2023/02/27 1.9 listings language file
)
(C:\Users\DAnto\AppData\Local\Programs\MiKTeX\tex/latex/listings\lstlang1.sty
File: lstlang1.sty 2023/02/27 1.9 listings language file
)
(C:\Users\DAnto\AppData\Local\Programs\MiKTeX\tex/latex/listings\lstmisc.sty
File: lstmisc.sty 2023/02/27 1.9 (Carsten Heinz)
)
Package hyperref Info: bookmark level for unknown lstlisting defaults to 0 on i
nput line 119.
LaTeX Font Info:    Font shape `IL2/cmtt/bx/n' in size <9> not available
(Font)              Font shape `IL2/cmtt/m/n' tried instead on input line 121.

[5]
<diagram1.pdf, id=193, 230.8625pt x 592.2125pt>
File: diagram1.pdf Graphic file (type pdf)
<use diagram1.pdf>
Package pdftex.def Info: diagram1.pdf  used on input line 155.
(pdftex.def)             Requested size: 103.88715pt x 266.49315pt.
 [6 <./diagram1.pdf>]

pdfTeX warning: pdflatex.exe (file ./diagram2.pdf): PDF inclusion: found PDF ve
rsion <1.7>, but at most version <1.5> allowed
<diagram2.pdf, id=221, 1004.79388pt x 459.63718pt>
File: diagram2.pdf Graphic file (type pdf)
<use diagram2.pdf>
Package pdftex.def Info: diagram2.pdf  used on input line 186.
(pdftex.def)             Requested size: 301.44049pt x 137.89221pt.
LaTeX Font Info:    External font `cmex10' loaded for size
(Font)              <7> on input line 191.
[7 <./diagram2.pdf>]
<diagram3.png, id=246, 2740.2375pt x 2404.985pt>
File: diagram3.png Graphic file (type png)
<use diagram3.png>
Package pdftex.def Info: diagram3.png  used on input line 203.
(pdftex.def)             Requested size: 191.83623pt x 168.36615pt.
 [8 <./diagram3.png (PNG copy)>]
<diagram6a.jpg, id=265, 594.42075pt x 529.98pt>
File: diagram6a.jpg Graphic file (type jpg)
<use diagram6a.jpg>
Package pdftex.def Info: diagram6a.jpg  used on input line 232.
(pdftex.def)             Requested size: 198.45662pt x 176.9399pt.
<diagram6b.jpg, id=266, 594.42075pt x 528.7755pt>
File: diagram6b.jpg Graphic file (type jpg)
<use diagram6b.jpg>
Package pdftex.def Info: diagram6b.jpg  used on input line 234.
(pdftex.def)             Requested size: 198.45662pt x 176.53777pt.
 [9 <./diagram6a.jpg> <./diagram6b.jpg>]
<diagram9.png, id=281, 1589.94pt x 893.3375pt>
File: diagram9.png Graphic file (type png)
<use diagram9.png>
Package pdftex.def Info: diagram9.png  used on input line 254.
(pdftex.def)             Requested size: 317.98236pt x 178.66432pt.
 [10 <./diagram9.png>]
<diagram7.jpg, id=297, 1027.84pt x 685.56125pt>
File: diagram7.jpg Graphic file (type jpg)
<use diagram7.jpg>
Package pdftex.def Info: diagram7.jpg  used on input line 291.
(pdftex.def)             Requested size: 380.29485pt x 253.65369pt.
 [11 <./diagram7.jpg>]
<diagram8.jpg, id=310, 549.252pt x 330.033pt>
File: diagram8.jpg Graphic file (type jpg)
<use diagram8.jpg>
Package pdftex.def Info: diagram8.jpg  used on input line 313.
(pdftex.def)             Requested size: 329.55374pt x 198.02132pt.


LaTeX Warning: `h' float specifier changed to `ht'.

[12] [13 <./diagram8.jpg>] (clanok.bbl
Underfull \hbox (badness 10000) in paragraph at lines 43--46
[]\IL2/cmr/m/n/10 Matt For-rest.  A Brief His-tory of Web Maps.  []$\IL2/cmtt/m
/n/10 https : / / forrest . nyc /
 []

[14]
Underfull \hbox (badness 10000) in paragraph at lines 110--116
[]\IL2/cmr/m/n/10 Ian Zelbo.  vi-sionOS gives us a closer look at what we'll
 []


Underfull \hbox (badness 10000) in paragraph at lines 110--116
\IL2/cmr/m/n/10 see with Ap-ple Vi-sion Pro.  []$\IL2/cmtt/m/n/10 https : / / 9
to5mac . com / 2023 / 06 / 21 /
 []


Overfull \hbox (4.06204pt too wide) in paragraph at lines 110--116
\IL2/cmtt/m/n/10 visionos-[]gives-[]us-[]a-[]closer-[]look-[]at-[]what-[]well-[
]see-[]with-[]apple-[]vision-[]pro-[]gallery/$[]\IL2/cmr/m/n/10 ,
 []

) [15] (clanok.aux)
 ***********
LaTeX2e <2023-06-01> patch level 1
L3 programming layer <2023-08-29>
 ***********
Package rerunfilecheck Info: File `clanok.out' has not changed.
(rerunfilecheck)             Checksum: 16C1C2C7B9EB7551C50D39B7A3974349;5195.
 ) 
Here is how much of TeX's memory you used:
 12483 strings out of 475247
 193746 string characters out of 5757792
 1951785 words of memory out of 5000000
 33742 multiletter control sequences out of 15000+600000
 570838 words of font info for 66 fonts, out of 8000000 for 9000
 1141 hyphenation exceptions out of 8191
 75i,7n,79p,1036b,1301s stack positions out of 10000i,1000n,20000p,200000b,200000s
 <C:\Users\DAnto\AppData\Local\MiKTeX\fonts/pk/ljfour/public/csfonts/dpi600\c
sti10.pk> <C:\Users\DAnto\AppData\Local\MiKTeX\fonts/pk/ljfour/public/csfonts/d
pi600\cstt10.pk> <C:\Users\DAnto\AppData\Local\MiKTeX\fonts/pk/ljfour/jknappen/
ec/dpi600\tcrm1000.pk> <C:\Users\DAnto\AppData\Local\MiKTeX\fonts/pk/ljfour/pub
lic/csfonts/dpi600\csbx12.pk> <C:\Users\DAnto\AppData\Local\MiKTeX\fonts/pk/ljf
our/public/csfonts/dpi600\cssl10.pk> <C:\Users\DAnto\AppData\Local\MiKTeX\fonts
/pk/ljfour/public/csfonts/dpi600\csr8.pk> <C:\Users\DAnto\AppData\Local\MiKTeX\
fonts/pk/ljfour/jknappen/ec/dpi600\tcrm0600.pk> <C:\Users\DAnto\AppData\Local\M
iKTeX\fonts/pk/ljfour/public/csfonts/dpi600\csbx10.pk> <C:\Users\DAnto\AppData\
Local\MiKTeX\fonts/pk/ljfour/public/csfonts/dpi600\csr10.pk> <C:\Users\DAnto\Ap
pData\Local\MiKTeX\fonts/pk/ljfour/public/csfonts/dpi720\csbx12.pk> <C:\Users\D
Anto\AppData\Local\MiKTeX\fonts/pk/ljfour/public/csfonts/dpi600\csbx9.pk> <C:\U
sers\DAnto\AppData\Local\MiKTeX\fonts/pk/ljfour/public/csfonts/dpi600\cstt9.pk>
 <C:\Users\DAnto\AppData\Local\MiKTeX\fonts/pk/ljfour/public/csfonts/dpi600\csr
9.pk> <C:\Users\DAnto\AppData\Local\MiKTeX\fonts/pk/ljfour/public/csfonts/dpi60
0\csr12.pk> <C:\Users\DAnto\AppData\Local\MiKTeX\fonts/pk/ljfour/jknappen/ec/dp
i600\tcrm1200.pk> <C:\Users\DAnto\AppData\Local\MiKTeX\fonts/pk/ljfour/public/c
sfonts/dpi600\csr17.pk><C:/Users/DAnto/AppData/Local/Programs/MiKTeX/fonts/type
1/public/amsfonts/cm/cmr7.pfb><C:/Users/DAnto/AppData/Local/Programs/MiKTeX/fon
ts/type1/public/amsfonts/cm/cmsy7.pfb>
Output written on clanok.pdf (15 pages, 5179800 bytes).
PDF statistics:
 934 PDF objects out of 1000 (max. 8388607)
 116 named destinations out of 1000 (max. 500000)
 243 words of extra memory for PDF output out of 10000 (max. 10000000)

